  Win32Window.cpp
d:\visual studio 2013\uae2dengine-repository\source\win32\win32window.cpp(16): warning C4101: 'hdc': unreferenced local variable
d:\visual studio 2013\uae2dengine-repository\source\win32\win32window.cpp(19): warning C4101: 'ptWindowLR': unreferenced local variable
d:\visual studio 2013\uae2dengine-repository\source\win32\win32window.cpp(18): warning C4101: 'ptWindowUL': unreferenced local variable
d:\visual studio 2013\uae2dengine-repository\source\win32\win32window.cpp(17): warning C4101: 'windowRect': unreferenced local variable
  ImageLoader.cpp
  Shader.cpp
  OGLGraphicsSystem.cpp
d:\visual studio 2013\uae2dengine-repository\include\glm\detail\type_vec2.hpp(45): warning C4201: nonstandard extension used: nameless struct/union
  d:\visual studio 2013\uae2dengine-repository\include\glm\detail\type_vec2.hpp(206): note: see reference to class template instantiation 'glm::tvec2<T,P>' being compiled
d:\visual studio 2013\uae2dengine-repository\include\glm\detail\type_vec2.hpp(46): warning C4201: nonstandard extension used: nameless struct/union
d:\visual studio 2013\uae2dengine-repository\include\glm\detail\type_vec2.hpp(47): warning C4201: nonstandard extension used: nameless struct/union
d:\visual studio 2013\uae2dengine-repository\include\glm\detail\type_vec3.hpp(45): warning C4201: nonstandard extension used: nameless struct/union
  d:\visual studio 2013\uae2dengine-repository\include\glm\detail\type_vec3.hpp(227): note: see reference to class template instantiation 'glm::tvec3<T,P>' being compiled
d:\visual studio 2013\uae2dengine-repository\include\glm\detail\type_vec3.hpp(46): warning C4201: nonstandard extension used: nameless struct/union
d:\visual studio 2013\uae2dengine-repository\include\glm\detail\type_vec3.hpp(47): warning C4201: nonstandard extension used: nameless struct/union
d:\visual studio 2013\uae2dengine-repository\include\glm\detail\type_vec4.hpp(45): warning C4201: nonstandard extension used: nameless struct/union
  d:\visual studio 2013\uae2dengine-repository\include\glm\detail\type_vec4.hpp(272): note: see reference to class template instantiation 'glm::tvec4<T,P>' being compiled
d:\visual studio 2013\uae2dengine-repository\include\glm\detail\type_vec4.hpp(46): warning C4201: nonstandard extension used: nameless struct/union
d:\visual studio 2013\uae2dengine-repository\include\glm\detail\type_vec4.hpp(47): warning C4201: nonstandard extension used: nameless struct/union
d:\visual studio 2013\uae2dengine-repository\include\glm\gtc\quaternion.hpp(56): warning C4201: nonstandard extension used: nameless struct/union
  d:\visual studio 2013\uae2dengine-repository\include\glm\gtc\quaternion.hpp(132): note: see reference to class template instantiation 'glm::tquat<T,P>' being compiled
  OGL.cpp
  Window.cpp
  GraphicsSystem.cpp
d:\visual studio 2013\uae2dengine-repository\include\glm\detail\type_vec2.hpp(45): warning C4201: nonstandard extension used: nameless struct/union
  d:\visual studio 2013\uae2dengine-repository\include\glm\detail\type_vec2.hpp(206): note: see reference to class template instantiation 'glm::tvec2<T,P>' being compiled
d:\visual studio 2013\uae2dengine-repository\include\glm\detail\type_vec2.hpp(46): warning C4201: nonstandard extension used: nameless struct/union
d:\visual studio 2013\uae2dengine-repository\include\glm\detail\type_vec2.hpp(47): warning C4201: nonstandard extension used: nameless struct/union
d:\visual studio 2013\uae2dengine-repository\include\glm\detail\type_vec3.hpp(45): warning C4201: nonstandard extension used: nameless struct/union
  d:\visual studio 2013\uae2dengine-repository\include\glm\detail\type_vec3.hpp(227): note: see reference to class template instantiation 'glm::tvec3<T,P>' being compiled
d:\visual studio 2013\uae2dengine-repository\include\glm\detail\type_vec3.hpp(46): warning C4201: nonstandard extension used: nameless struct/union
d:\visual studio 2013\uae2dengine-repository\include\glm\detail\type_vec3.hpp(47): warning C4201: nonstandard extension used: nameless struct/union
d:\visual studio 2013\uae2dengine-repository\include\glm\detail\type_vec4.hpp(45): warning C4201: nonstandard extension used: nameless struct/union
  d:\visual studio 2013\uae2dengine-repository\include\glm\detail\type_vec4.hpp(272): note: see reference to class template instantiation 'glm::tvec4<T,P>' being compiled
d:\visual studio 2013\uae2dengine-repository\include\glm\detail\type_vec4.hpp(46): warning C4201: nonstandard extension used: nameless struct/union
d:\visual studio 2013\uae2dengine-repository\include\glm\detail\type_vec4.hpp(47): warning C4201: nonstandard extension used: nameless struct/union
d:\visual studio 2013\uae2dengine-repository\include\glm\gtc\quaternion.hpp(56): warning C4201: nonstandard extension used: nameless struct/union
  d:\visual studio 2013\uae2dengine-repository\include\glm\gtc\quaternion.hpp(132): note: see reference to class template instantiation 'glm::tquat<T,P>' being compiled
  GraphicsApplication.cpp
d:\visual studio 2013\uae2dengine-repository\include\glm\detail\type_vec2.hpp(45): warning C4201: nonstandard extension used: nameless struct/union
  d:\visual studio 2013\uae2dengine-repository\include\glm\detail\type_vec2.hpp(206): note: see reference to class template instantiation 'glm::tvec2<T,P>' being compiled
d:\visual studio 2013\uae2dengine-repository\include\glm\detail\type_vec2.hpp(46): warning C4201: nonstandard extension used: nameless struct/union
d:\visual studio 2013\uae2dengine-repository\include\glm\detail\type_vec2.hpp(47): warning C4201: nonstandard extension used: nameless struct/union
d:\visual studio 2013\uae2dengine-repository\include\glm\detail\type_vec3.hpp(45): warning C4201: nonstandard extension used: nameless struct/union
  d:\visual studio 2013\uae2dengine-repository\include\glm\detail\type_vec3.hpp(227): note: see reference to class template instantiation 'glm::tvec3<T,P>' being compiled
d:\visual studio 2013\uae2dengine-repository\include\glm\detail\type_vec3.hpp(46): warning C4201: nonstandard extension used: nameless struct/union
d:\visual studio 2013\uae2dengine-repository\include\glm\detail\type_vec3.hpp(47): warning C4201: nonstandard extension used: nameless struct/union
d:\visual studio 2013\uae2dengine-repository\include\glm\detail\type_vec4.hpp(45): warning C4201: nonstandard extension used: nameless struct/union
  d:\visual studio 2013\uae2dengine-repository\include\glm\detail\type_vec4.hpp(272): note: see reference to class template instantiation 'glm::tvec4<T,P>' being compiled
d:\visual studio 2013\uae2dengine-repository\include\glm\detail\type_vec4.hpp(46): warning C4201: nonstandard extension used: nameless struct/union
d:\visual studio 2013\uae2dengine-repository\include\glm\detail\type_vec4.hpp(47): warning C4201: nonstandard extension used: nameless struct/union
d:\visual studio 2013\uae2dengine-repository\include\glm\gtc\quaternion.hpp(56): warning C4201: nonstandard extension used: nameless struct/union
  d:\visual studio 2013\uae2dengine-repository\include\glm\gtc\quaternion.hpp(132): note: see reference to class template instantiation 'glm::tquat<T,P>' being compiled
  TextureCache.cpp
  SpriteBatch.cpp
d:\visual studio 2013\uae2dengine-repository\include\glm\detail\type_vec2.hpp(45): warning C4201: nonstandard extension used: nameless struct/union
  d:\visual studio 2013\uae2dengine-repository\include\glm\detail\type_vec2.hpp(206): note: see reference to class template instantiation 'glm::tvec2<T,P>' being compiled
d:\visual studio 2013\uae2dengine-repository\include\glm\detail\type_vec2.hpp(46): warning C4201: nonstandard extension used: nameless struct/union
d:\visual studio 2013\uae2dengine-repository\include\glm\detail\type_vec2.hpp(47): warning C4201: nonstandard extension used: nameless struct/union
d:\visual studio 2013\uae2dengine-repository\include\glm\detail\type_vec3.hpp(45): warning C4201: nonstandard extension used: nameless struct/union
  d:\visual studio 2013\uae2dengine-repository\include\glm\detail\type_vec3.hpp(227): note: see reference to class template instantiation 'glm::tvec3<T,P>' being compiled
d:\visual studio 2013\uae2dengine-repository\include\glm\detail\type_vec3.hpp(46): warning C4201: nonstandard extension used: nameless struct/union
d:\visual studio 2013\uae2dengine-repository\include\glm\detail\type_vec3.hpp(47): warning C4201: nonstandard extension used: nameless struct/union
d:\visual studio 2013\uae2dengine-repository\include\glm\detail\type_vec4.hpp(45): warning C4201: nonstandard extension used: nameless struct/union
  d:\visual studio 2013\uae2dengine-repository\include\glm\detail\type_vec4.hpp(272): note: see reference to class template instantiation 'glm::tvec4<T,P>' being compiled
d:\visual studio 2013\uae2dengine-repository\include\glm\detail\type_vec4.hpp(46): warning C4201: nonstandard extension used: nameless struct/union
d:\visual studio 2013\uae2dengine-repository\include\glm\detail\type_vec4.hpp(47): warning C4201: nonstandard extension used: nameless struct/union
d:\visual studio 2013\uae2dengine-repository\source\core\spritebatch.cpp(150): warning C4189: 'textureSamplerLoc': local variable is initialized but not referenced
d:\visual studio 2013\uae2dengine-repository\source\core\spritebatch.cpp(147): warning C4189: 'textureLoc': local variable is initialized but not referenced
d:\visual studio 2013\uae2dengine-repository\source\core\spritebatch.cpp(151): warning C4189: 'uniformMVPLoc': local variable is initialized but not referenced
  ResourceManager.cpp
  Object.cpp
  IOManager.cpp
  InputManager.cpp
  ElapsedTimer.cpp
  Camera2D.cpp
d:\visual studio 2013\uae2dengine-repository\include\glm\detail\type_vec2.hpp(45): warning C4201: nonstandard extension used: nameless struct/union
  d:\visual studio 2013\uae2dengine-repository\include\glm\detail\type_vec2.hpp(206): note: see reference to class template instantiation 'glm::tvec2<T,P>' being compiled
d:\visual studio 2013\uae2dengine-repository\include\glm\detail\type_vec2.hpp(46): warning C4201: nonstandard extension used: nameless struct/union
d:\visual studio 2013\uae2dengine-repository\include\glm\detail\type_vec2.hpp(47): warning C4201: nonstandard extension used: nameless struct/union
d:\visual studio 2013\uae2dengine-repository\include\glm\detail\type_vec3.hpp(45): warning C4201: nonstandard extension used: nameless struct/union
  d:\visual studio 2013\uae2dengine-repository\include\glm\detail\type_vec3.hpp(227): note: see reference to class template instantiation 'glm::tvec3<T,P>' being compiled
d:\visual studio 2013\uae2dengine-repository\include\glm\detail\type_vec3.hpp(46): warning C4201: nonstandard extension used: nameless struct/union
d:\visual studio 2013\uae2dengine-repository\include\glm\detail\type_vec3.hpp(47): warning C4201: nonstandard extension used: nameless struct/union
d:\visual studio 2013\uae2dengine-repository\include\glm\detail\type_vec4.hpp(45): warning C4201: nonstandard extension used: nameless struct/union
  d:\visual studio 2013\uae2dengine-repository\include\glm\detail\type_vec4.hpp(272): note: see reference to class template instantiation 'glm::tvec4<T,P>' being compiled
d:\visual studio 2013\uae2dengine-repository\include\glm\detail\type_vec4.hpp(46): warning C4201: nonstandard extension used: nameless struct/union
d:\visual studio 2013\uae2dengine-repository\include\glm\detail\type_vec4.hpp(47): warning C4201: nonstandard extension used: nameless struct/union
  AudioEngine.cpp
  AndroidWindow.cpp
  Generating Code...
  engine.vcxproj -> D:\Visual Studio 2013\UAE2dEngine-repository\build\win32\Debug\engine.lib
