c:\users\joelkan\desktop\uae2dengine-repository\build\win32\release\engine.pdb
c:\users\joelkan\desktop\uae2dengine-repository\build\win32\release\win32window.obj
c:\users\joelkan\desktop\uae2dengine-repository\build\win32\release\imageloader.obj
c:\users\joelkan\desktop\uae2dengine-repository\build\win32\release\shader.obj
c:\users\joelkan\desktop\uae2dengine-repository\build\win32\release\oglgraphicssystem.obj
c:\users\joelkan\desktop\uae2dengine-repository\build\win32\release\ogl.obj
c:\users\joelkan\desktop\uae2dengine-repository\build\win32\release\window.obj
c:\users\joelkan\desktop\uae2dengine-repository\build\win32\release\graphicssystem.obj
c:\users\joelkan\desktop\uae2dengine-repository\build\win32\release\graphicsapplication.obj
c:\users\joelkan\desktop\uae2dengine-repository\build\win32\release\texturecache.obj
c:\users\joelkan\desktop\uae2dengine-repository\build\win32\release\spritebatch.obj
c:\users\joelkan\desktop\uae2dengine-repository\build\win32\release\resourcemanager.obj
c:\users\joelkan\desktop\uae2dengine-repository\build\win32\release\object.obj
c:\users\joelkan\desktop\uae2dengine-repository\build\win32\release\iomanager.obj
c:\users\joelkan\desktop\uae2dengine-repository\build\win32\release\inputmanager.obj
c:\users\joelkan\desktop\uae2dengine-repository\build\win32\release\elapsedtimer.obj
c:\users\joelkan\desktop\uae2dengine-repository\build\win32\release\camera2d.obj
c:\users\joelkan\desktop\uae2dengine-repository\build\win32\release\audioengine.obj
c:\users\joelkan\desktop\uae2dengine-repository\build\win32\release\androidwindow.obj
c:\users\joelkan\desktop\uae2dengine-repository\build\win32\release\engine.lib
c:\users\joelkan\desktop\uae2dengine-repository\build\win32\release\engine.tlog\cl.command.1.tlog
c:\users\joelkan\desktop\uae2dengine-repository\build\win32\release\engine.tlog\cl.read.1.tlog
c:\users\joelkan\desktop\uae2dengine-repository\build\win32\release\engine.tlog\cl.write.1.tlog
c:\users\joelkan\desktop\uae2dengine-repository\build\win32\release\engine.tlog\lib-link.read.1.tlog
c:\users\joelkan\desktop\uae2dengine-repository\build\win32\release\engine.tlog\lib-link.write.1.tlog
c:\users\joelkan\desktop\uae2dengine-repository\build\win32\release\engine.tlog\lib.command.1.tlog
